[0.865s] Invoking command in '/home/rosh/Desktop/turtlesim/ros2_ws/src/my_robot_controller': PYTHONPATH=/home/rosh/Desktop/turtlesim/ros2_ws/build/my_robot_controller/prefix_override:/home/rosh/Desktop/turtlesim/ros2_ws/install/my_robot_controller/lib/python3.10/site-packages:${PYTHONPATH} /usr/bin/python3 setup.py egg_info --egg-base ../../build/my_robot_controller build --build-base /home/rosh/Desktop/turtlesim/ros2_ws/build/my_robot_controller/build install --record /home/rosh/Desktop/turtlesim/ros2_ws/build/my_robot_controller/install.log --single-version-externally-managed
[1.103s] running egg_info
[1.106s] creating ../../build/my_robot_controller/my_robot_controller.egg-info
[1.106s] writing ../../build/my_robot_controller/my_robot_controller.egg-info/PKG-INFO
[1.106s] writing dependency_links to ../../build/my_robot_controller/my_robot_controller.egg-info/dependency_links.txt
[1.106s] writing entry points to ../../build/my_robot_controller/my_robot_controller.egg-info/entry_points.txt
[1.106s] writing requirements to ../../build/my_robot_controller/my_robot_controller.egg-info/requires.txt
[1.106s] writing top-level names to ../../build/my_robot_controller/my_robot_controller.egg-info/top_level.txt
[1.106s] writing manifest file '../../build/my_robot_controller/my_robot_controller.egg-info/SOURCES.txt'
[1.107s] reading manifest file '../../build/my_robot_controller/my_robot_controller.egg-info/SOURCES.txt'
[1.110s] writing manifest file '../../build/my_robot_controller/my_robot_controller.egg-info/SOURCES.txt'
[1.110s] running build
[1.110s] running build_py
[1.110s] creating /home/rosh/Desktop/turtlesim/ros2_ws/build/my_robot_controller/build
[1.110s] creating /home/rosh/Desktop/turtlesim/ros2_ws/build/my_robot_controller/build/lib
[1.110s] creating /home/rosh/Desktop/turtlesim/ros2_ws/build/my_robot_controller/build/lib/my_robot_controller
[1.110s] copying my_robot_controller/__init__.py -> /home/rosh/Desktop/turtlesim/ros2_ws/build/my_robot_controller/build/lib/my_robot_controller
[1.110s] running install
[1.111s] /usr/lib/python3/dist-packages/setuptools/command/install.py:34: SetuptoolsDeprecationWarning: setup.py install is deprecated. Use build and pip and other standards-based tools.
[1.111s]   warnings.warn(
[1.111s] running install_lib
[1.112s] creating /home/rosh/Desktop/turtlesim/ros2_ws/install/my_robot_controller/lib/python3.10/site-packages/my_robot_controller
[1.112s] copying /home/rosh/Desktop/turtlesim/ros2_ws/build/my_robot_controller/build/lib/my_robot_controller/__init__.py -> /home/rosh/Desktop/turtlesim/ros2_ws/install/my_robot_controller/lib/python3.10/site-packages/my_robot_controller
[1.115s] byte-compiling /home/rosh/Desktop/turtlesim/ros2_ws/install/my_robot_controller/lib/python3.10/site-packages/my_robot_controller/__init__.py to __init__.cpython-310.pyc
[1.115s] running install_data
[1.117s] creating /home/rosh/Desktop/turtlesim/ros2_ws/install/my_robot_controller/share/ament_index
[1.119s] creating /home/rosh/Desktop/turtlesim/ros2_ws/install/my_robot_controller/share/ament_index/resource_index
[1.119s] creating /home/rosh/Desktop/turtlesim/ros2_ws/install/my_robot_controller/share/ament_index/resource_index/packages
[1.119s] copying resource/my_robot_controller -> /home/rosh/Desktop/turtlesim/ros2_ws/install/my_robot_controller/share/ament_index/resource_index/packages
[1.120s] copying package.xml -> /home/rosh/Desktop/turtlesim/ros2_ws/install/my_robot_controller/share/my_robot_controller
[1.120s] running install_egg_info
[1.124s] Copying ../../build/my_robot_controller/my_robot_controller.egg-info to /home/rosh/Desktop/turtlesim/ros2_ws/install/my_robot_controller/lib/python3.10/site-packages/my_robot_controller-0.0.0-py3.10.egg-info
[1.126s] running install_scripts
[1.150s] writing list of installed files to '/home/rosh/Desktop/turtlesim/ros2_ws/build/my_robot_controller/install.log'
[1.175s] Invoked command in '/home/rosh/Desktop/turtlesim/ros2_ws/src/my_robot_controller' returned '0': PYTHONPATH=/home/rosh/Desktop/turtlesim/ros2_ws/build/my_robot_controller/prefix_override:/home/rosh/Desktop/turtlesim/ros2_ws/install/my_robot_controller/lib/python3.10/site-packages:${PYTHONPATH} /usr/bin/python3 setup.py egg_info --egg-base ../../build/my_robot_controller build --build-base /home/rosh/Desktop/turtlesim/ros2_ws/build/my_robot_controller/build install --record /home/rosh/Desktop/turtlesim/ros2_ws/build/my_robot_controller/install.log --single-version-externally-managed
