[0.886s] Invoking command in '/home/rosh/Desktop/turtlesim/ros2_ws/src/my_robot_controller': PYTHONPATH=/home/rosh/Desktop/turtlesim/ros2_ws/build/my_robot_controller/prefix_override:/home/rosh/Desktop/turtlesim/ros2_ws/install/my_robot_controller/lib/python3.10/site-packages:${PYTHONPATH} /usr/bin/python3 setup.py egg_info --egg-base ../../build/my_robot_controller build --build-base /home/rosh/Desktop/turtlesim/ros2_ws/build/my_robot_controller/build install --record /home/rosh/Desktop/turtlesim/ros2_ws/build/my_robot_controller/install.log --single-version-externally-managed
[1.152s] running egg_info
[1.153s] writing ../../build/my_robot_controller/my_robot_controller.egg-info/PKG-INFO
[1.154s] writing dependency_links to ../../build/my_robot_controller/my_robot_controller.egg-info/dependency_links.txt
[1.155s] writing entry points to ../../build/my_robot_controller/my_robot_controller.egg-info/entry_points.txt
[1.156s] writing requirements to ../../build/my_robot_controller/my_robot_controller.egg-info/requires.txt
[1.156s] writing top-level names to ../../build/my_robot_controller/my_robot_controller.egg-info/top_level.txt
[1.158s] reading manifest file '../../build/my_robot_controller/my_robot_controller.egg-info/SOURCES.txt'
[1.161s] writing manifest file '../../build/my_robot_controller/my_robot_controller.egg-info/SOURCES.txt'
[1.161s] running build
[1.161s] running build_py
[1.161s] running install
[1.162s] running install_lib
[1.163s] running install_data
[1.164s] running install_egg_info
[1.166s] removing '/home/rosh/Desktop/turtlesim/ros2_ws/install/my_robot_controller/lib/python3.10/site-packages/my_robot_controller-0.0.0-py3.10.egg-info' (and everything under it)
[1.172s] Copying ../../build/my_robot_controller/my_robot_controller.egg-info to /home/rosh/Desktop/turtlesim/ros2_ws/install/my_robot_controller/lib/python3.10/site-packages/my_robot_controller-0.0.0-py3.10.egg-info
[1.174s] running install_scripts
[1.195s] writing list of installed files to '/home/rosh/Desktop/turtlesim/ros2_ws/build/my_robot_controller/install.log'
[1.218s] Invoked command in '/home/rosh/Desktop/turtlesim/ros2_ws/src/my_robot_controller' returned '0': PYTHONPATH=/home/rosh/Desktop/turtlesim/ros2_ws/build/my_robot_controller/prefix_override:/home/rosh/Desktop/turtlesim/ros2_ws/install/my_robot_controller/lib/python3.10/site-packages:${PYTHONPATH} /usr/bin/python3 setup.py egg_info --egg-base ../../build/my_robot_controller build --build-base /home/rosh/Desktop/turtlesim/ros2_ws/build/my_robot_controller/build install --record /home/rosh/Desktop/turtlesim/ros2_ws/build/my_robot_controller/install.log --single-version-externally-managed
