[0.915s] Invoking command in '/home/rosh/Desktop/turtlesim/ros2_ws/src/my_robot_controller': PYTHONPATH=/home/rosh/Desktop/turtlesim/ros2_ws/build/my_robot_controller/prefix_override:/home/rosh/Desktop/turtlesim/ros2_ws/install/my_robot_controller/lib/python3.10/site-packages:${PYTHONPATH} /usr/bin/python3 setup.py egg_info --egg-base ../../build/my_robot_controller build --build-base /home/rosh/Desktop/turtlesim/ros2_ws/build/my_robot_controller/build install --record /home/rosh/Desktop/turtlesim/ros2_ws/build/my_robot_controller/install.log --single-version-externally-managed
[1.172s] running egg_info
[1.173s] writing ../../build/my_robot_controller/my_robot_controller.egg-info/PKG-INFO
[1.174s] writing dependency_links to ../../build/my_robot_controller/my_robot_controller.egg-info/dependency_links.txt
[1.174s] writing entry points to ../../build/my_robot_controller/my_robot_controller.egg-info/entry_points.txt
[1.174s] writing requirements to ../../build/my_robot_controller/my_robot_controller.egg-info/requires.txt
[1.174s] writing top-level names to ../../build/my_robot_controller/my_robot_controller.egg-info/top_level.txt
[1.177s] reading manifest file '../../build/my_robot_controller/my_robot_controller.egg-info/SOURCES.txt'
[1.183s] writing manifest file '../../build/my_robot_controller/my_robot_controller.egg-info/SOURCES.txt'
[1.186s] running build
[1.188s] running build_py
[1.188s] copying my_robot_controller/my_first_node.py -> /home/rosh/Desktop/turtlesim/ros2_ws/build/my_robot_controller/build/lib/my_robot_controller
[1.188s] running install
[1.188s] running install_lib
[1.190s] copying /home/rosh/Desktop/turtlesim/ros2_ws/build/my_robot_controller/build/lib/my_robot_controller/my_first_node.py -> /home/rosh/Desktop/turtlesim/ros2_ws/install/my_robot_controller/lib/python3.10/site-packages/my_robot_controller
[1.190s] byte-compiling /home/rosh/Desktop/turtlesim/ros2_ws/install/my_robot_controller/lib/python3.10/site-packages/my_robot_controller/my_first_node.py to my_first_node.cpython-310.pyc
[1.190s] running install_data
[1.190s] running install_egg_info
[1.190s] removing '/home/rosh/Desktop/turtlesim/ros2_ws/install/my_robot_controller/lib/python3.10/site-packages/my_robot_controller-0.0.0-py3.10.egg-info' (and everything under it)
[1.191s] Copying ../../build/my_robot_controller/my_robot_controller.egg-info to /home/rosh/Desktop/turtlesim/ros2_ws/install/my_robot_controller/lib/python3.10/site-packages/my_robot_controller-0.0.0-py3.10.egg-info
[1.192s] running install_scripts
[1.210s] Installing test_node script to /home/rosh/Desktop/turtlesim/ros2_ws/install/my_robot_controller/lib/my_robot_controller
[1.211s] writing list of installed files to '/home/rosh/Desktop/turtlesim/ros2_ws/build/my_robot_controller/install.log'
[1.239s] Invoked command in '/home/rosh/Desktop/turtlesim/ros2_ws/src/my_robot_controller' returned '0': PYTHONPATH=/home/rosh/Desktop/turtlesim/ros2_ws/build/my_robot_controller/prefix_override:/home/rosh/Desktop/turtlesim/ros2_ws/install/my_robot_controller/lib/python3.10/site-packages:${PYTHONPATH} /usr/bin/python3 setup.py egg_info --egg-base ../../build/my_robot_controller build --build-base /home/rosh/Desktop/turtlesim/ros2_ws/build/my_robot_controller/build install --record /home/rosh/Desktop/turtlesim/ros2_ws/build/my_robot_controller/install.log --single-version-externally-managed
